# JRE version: Java(TM) SE Runtime Environment (23.0.2+7) (build 23.0.2+7-58)
# Java VM: Java HotSpot(TM) 64-Bit Server VM (23.0.2+7-58, mixed mode, sharing, tiered, compressed oops, compressed class ptrs, g1 gc, windows-amd64)
GC Precious Log:
 CardTable entry size: 512
 Card Set container configuration: InlinePtr #cards 4 size 8 Array Of Cards #cards 32 size 80 Howl #buckets 8 coarsen threshold 7372 Howl Bitmap #cards 1024 size 144 coarsen threshold 921 Card regions per heap region 1 cards per card region 8192
 CPUs: 4 total, 4 available
 Memory: 8075M
 Large Page Support: Disabled
 NUMA Support: Disabled
 Compressed Oops: Enabled (Zero based)
 Heap Region Size: 4M
 Heap Min Capacity: 8M
 Heap Initial Capacity: 128M
 Heap Max Capacity: 8G
 Pre-touch: Disabled
 Parallel Workers: 4
 Concurrent Workers: 1
 Concurrent Refinement Workers: 4
 Periodic GC: Disabled
Heap:
 garbage-first heap   total reserved 8388608K, committed 2002944K, used 493434K [0x0000000600000000, 0x0000000800000000)
  region size 4096K, 7 young (28672K), 7 survivors (28672K)
 Metaspace       used 224901K, committed 228480K, reserved 1310720K
  class space    used 29748K, committed 31360K, reserved 1048576K
GC Heap History (20 events):
Event: 4669.971 GC heap after
{Heap after GC invocations=84 (full 0):
 garbage-first heap   total reserved 8388608K, committed 2002944K, used 383345K [0x0000000600000000, 0x0000000800000000)
  region size 4096K, 11 young (45056K), 11 survivors (45056K)
 Metaspace       used 194879K, committed 198208K, reserved 1245184K
  class space    used 26048K, committed 27584K, reserved 1048576K
}
Event: 4678.787 GC heap before
{Heap before GC invocations=84 (full 0):
 garbage-first heap   total reserved 8388608K, committed 2002944K, used 670065K [0x0000000600000000, 0x0000000800000000)
  region size 4096K, 81 young (331776K), 11 survivors (45056K)
 Metaspace       used 207102K, committed 210432K, reserved 1245184K
  class space    used 27535K, committed 29056K, reserved 1048576K
}
Event: 4678.957 GC heap after
{Heap after GC invocations=85 (full 0):
 garbage-first heap   total reserved 8388608K, committed 2002944K, used 414149K [0x0000000600000000, 0x0000000800000000)
  region size 4096K, 7 young (28672K), 7 survivors (28672K)
 Metaspace       used 207102K, committed 210432K, reserved 1245184K
  class space    used 27535K, committed 29056K, reserved 1048576K
}
Event: 4686.888 GC heap before
{Heap before GC invocations=86 (full 0):
 garbage-first heap   total reserved 8388608K, committed 1392640K, used 774597K [0x0000000600000000, 0x0000000800000000)
  region size 4096K, 91 young (372736K), 7 survivors (28672K)
 Metaspace       used 210349K, committed 213696K, reserved 1245184K
  class space    used 27757K, committed 29312K, reserved 1048576K
}
Event: 4687.018 GC heap after
{Heap after GC invocations=87 (full 0):
 garbage-first heap   total reserved 8388608K, committed 1392640K, used 448986K [0x0000000600000000, 0x0000000800000000)
  region size 4096K, 12 young (49152K), 12 survivors (49152K)
 Metaspace       used 210349K, committed 213696K, reserved 1245184K
  class space    used 27757K, committed 29312K, reserved 1048576K
}
Event: 4689.669 GC heap before
{Heap before GC invocations=87 (full 0):
 garbage-first heap   total reserved 8388608K, committed 1392640K, used 539098K [0x0000000600000000, 0x0000000800000000)
  region size 4096K, 34 young (139264K), 12 survivors (49152K)
 Metaspace       used 212898K, committed 216256K, reserved 1245184K
  class space    used 27971K, committed 29504K, reserved 1048576K
}
Event: 4689.736 GC heap after
{Heap after GC invocations=88 (full 0):
 garbage-first heap   total reserved 8388608K, committed 1392640K, used 457177K [0x0000000600000000, 0x0000000800000000)
  region size 4096K, 2 young (8192K), 2 survivors (8192K)
 Metaspace       used 212898K, committed 216256K, reserved 1245184K
  class space    used 27971K, committed 29504K, reserved 1048576K
}
Event: 4695.740 GC heap before
{Heap before GC invocations=88 (full 0):
 garbage-first heap   total reserved 8388608K, committed 1392640K, used 866777K [0x0000000600000000, 0x0000000800000000)
  region size 4096K, 103 young (421888K), 2 survivors (8192K)
 Metaspace       used 224494K, committed 228032K, reserved 1310720K
  class space    used 29703K, committed 31296K, reserved 1048576K
}
Event: 4695.783 GC heap after
{Heap after GC invocations=89 (full 0):
 garbage-first heap   total reserved 8388608K, committed 1392640K, used 466396K [0x0000000600000000, 0x0000000800000000)
  region size 4096K, 4 young (16384K), 4 survivors (16384K)
 Metaspace       used 224494K, committed 228032K, reserved 1310720K
  class space    used 29703K, committed 31296K, reserved 1048576K
}
Event: 4817.516 GC heap before
{Heap before GC invocations=89 (full 0):
 garbage-first heap   total reserved 8388608K, committed 1392640K, used 863708K [0x0000000600000000, 0x0000000800000000)
  region size 4096K, 102 young (417792K), 4 survivors (16384K)
 Metaspace       used 224916K, committed 228480K, reserved 1310720K
  class space    used 29755K, committed 31360K, reserved 1048576K
}
Event: 4817.737 GC heap after
{Heap after GC invocations=90 (full 0):
 garbage-first heap   total reserved 8388608K, committed 1392640K, used 475311K [0x0000000600000000, 0x0000000800000000)
  region size 4096K, 7 young (28672K), 7 survivors (28672K)
 Metaspace       used 224916K, committed 228480K, reserved 1310720K
  class space    used 29755K, committed 31360K, reserved 1048576K
}
Event: 4818.384 GC heap before
{Heap before GC invocations=90 (full 0):
 garbage-first heap   total reserved 8388608K, committed 1392640K, used 676015K [0x0000000600000000, 0x0000000800000000)
  region size 4096K, 57 young (233472K), 7 survivors (28672K)
 Metaspace       used 224922K, committed 228480K, reserved 1310720K
  class space    used 29757K, committed 31360K, reserved 1048576K
}
Event: 4818.489 GC heap after
{Heap after GC invocations=91 (full 0):
 garbage-first heap   total reserved 8388608K, committed 1392640K, used 478430K [0x0000000600000000, 0x0000000800000000)
  region size 4096K, 4 young (16384K), 4 survivors (16384K)
 Metaspace       used 224922K, committed 228480K, reserved 1310720K
  class space    used 29757K, committed 31360K, reserved 1048576K
}
Event: 4819.608 GC heap before
{Heap before GC invocations=91 (full 0):
 garbage-first heap   total reserved 8388608K, committed 1392640K, used 859358K [0x0000000600000000, 0x0000000800000000)
  region size 4096K, 98 young (401408K), 4 survivors (16384K)
 Metaspace       used 224928K, committed 228480K, reserved 1310720K
  class space    used 29757K, committed 31360K, reserved 1048576K
}
Event: 4819.673 GC heap after
{Heap after GC invocations=92 (full 0):
 garbage-first heap   total reserved 8388608K, committed 1392640K, used 491210K [0x0000000600000000, 0x0000000800000000)
  region size 4096K, 8 young (32768K), 8 survivors (32768K)
 Metaspace       used 224928K, committed 228480K, reserved 1310720K
  class space    used 29757K, committed 31360K, reserved 1048576K
}
Event: 4820.159 GC heap before
{Heap before GC invocations=92 (full 0):
 garbage-first heap   total reserved 8388608K, committed 1392640K, used 802506K [0x0000000600000000, 0x0000000800000000)
  region size 4096K, 84 young (344064K), 8 survivors (32768K)
 Metaspace       used 224928K, committed 228480K, reserved 1310720K
  class space    used 29757K, committed 31360K, reserved 1048576K
}
Event: 4820.222 GC heap after
{Heap after GC invocations=93 (full 0):
 garbage-first heap   total reserved 8388608K, committed 1392640K, used 493940K [0x0000000600000000, 0x0000000800000000)
  region size 4096K, 6 young (24576K), 6 survivors (24576K)
 Metaspace       used 224928K, committed 228480K, reserved 1310720K
  class space    used 29757K, committed 31360K, reserved 1048576K
}
Event: 4821.200 GC heap before
{Heap before GC invocations=93 (full 0):
 garbage-first heap   total reserved 8388608K, committed 1392640K, used 940404K [0x0000000600000000, 0x0000000800000000)
  region size 4096K, 116 young (475136K), 6 survivors (24576K)
 Metaspace       used 224932K, committed 228480K, reserved 1310720K
  class space    used 29757K, committed 31360K, reserved 1048576K
}
Event: 4821.246 GC heap after
{Heap after GC invocations=94 (full 0):
 garbage-first heap   total reserved 8388608K, committed 1392640K, used 494994K [0x0000000600000000, 0x0000000800000000)
  region size 4096K, 7 young (28672K), 7 survivors (28672K)
 Metaspace       used 224932K, committed 228480K, reserved 1310720K
  class space    used 29757K, committed 31360K, reserved 1048576K
}
Event: 4824.603 GC heap before
{Heap before GC invocations=95 (full 0):
 garbage-first heap   total reserved 8388608K, committed 1392640K, used 961938K [0x0000000600000000, 0x0000000800000000)
  region size 4096K, 122 young (499712K), 7 survivors (28672K)
 Metaspace       used 224901K, committed 228480K, reserved 1310720K
  class space    used 29748K, committed 31360K, reserved 1048576K
}

